<?xml version="1.0" encoding="UTF-8"?>
<testsuite xmlns:xsi="http://www.w3.org/2001/XMLSchema-instance" xsi:noNamespaceSchemaLocation="https://maven.apache.org/surefire/maven-surefire-plugin/xsd/surefire-test-report.xsd" name="cavett.springframework.spring5jokesappv2.Spring5JokesAppV2ApplicationTests" time="3.313" tests="1" errors="0" skipped="0" failures="0">
  <properties>
[...]
</properties>
  <testcase name="contextLoads" classname="cavett.springframework.spring5jokesappv2.Spring5JokesAppV2ApplicationTests" time="0.66"/>
</testsuite>